C51 COMPILER V9.56.0.0   BSP_LED                                                           05/12/2022 19:31:49 PAGE 1   


C51 COMPILER V9.56.0.0, COMPILATION OF MODULE BSP_LED
OBJECT MODULE PLACED IN .\Objects\bsp_led.obj
COMPILER INVOKED BY: D:\Keil_C51\C51\BIN\C51.EXE ..\Driver\bsp_led.c OPTIMIZE(8,SPEED) BROWSE INCDIR(..\Driver;..\Sys) D
                    -EBUG OBJECTEXTEND PRINT(.\Listings\bsp_led.lst) OBJECT(.\Objects\bsp_led.obj)

line level    source

   1          #include "bsp_led.h"
   2          
   3          
   4          void LED_GPIO_Config(void)                      //LED初始化
   5          {
   6   1              GPIO_InitTypeDef GPIO_InitStructure;
   7   1              GPIO_InitStructure.Mode = GPIO_PullUp;
   8   1              GPIO_InitStructure.Pin = GPIO_Pin_0 | GPIO_Pin_1 | GPIO_Pin_2;
   9   1              GPIO_Config(GPIO_P1,&GPIO_InitStructure);
  10   1      }
  11          
  12          void KEY_GPIO_Config(void)                      //按键初始化
  13          {
  14   1              GPIO_InitTypeDef GPIO_InitStructure;
  15   1              GPIO_InitStructure.Mode = GPIO_PullUp;
  16   1              GPIO_InitStructure.Pin = GPIO_Pin_3 | GPIO_Pin_4;
  17   1              GPIO_Config(GPIO_P1,&GPIO_InitStructure);
  18   1      }


MODULE INFORMATION:   STATIC OVERLAYABLE
   CODE SIZE        =     32    ----
   CONSTANT SIZE    =   ----    ----
   XDATA SIZE       =   ----    ----
   PDATA SIZE       =   ----    ----
   DATA SIZE        =   ----       4
   IDATA SIZE       =   ----    ----
   BIT SIZE         =   ----    ----
END OF MODULE INFORMATION.


C51 COMPILATION COMPLETE.  0 WARNING(S),  0 ERROR(S)
