C51 COMPILER V9.56.0.0   DELAY                                                             05/12/2022 19:31:49 PAGE 1   


C51 COMPILER V9.56.0.0, COMPILATION OF MODULE DELAY
OBJECT MODULE PLACED IN .\Objects\delay.obj
COMPILER INVOKED BY: D:\Keil_C51\C51\BIN\C51.EXE ..\Sys\delay.c OPTIMIZE(8,SPEED) BROWSE INCDIR(..\Driver;..\Sys) DEBUG 
                    -OBJECTEXTEND PRINT(.\Listings\delay.lst) OBJECT(.\Objects\delay.obj)

line level    source

   1          #include "delay.h"
   2          
   3          
   4          
   5          void Delay1ms(unsigned int val)         //@11.0592MHz
   6          {
   7   1              unsigned char i, j;
   8   1              for(;val>0;val--)
   9   1              {
  10   2                      _nop_();
  11   2                      _nop_();
  12   2                      _nop_();
  13   2                      i = 11;
  14   2                      j = 190;
  15   2                      do
  16   2                      {
  17   3                              while (--j);
  18   3                      } while (--i);
  19   2              }
  20   1      }


MODULE INFORMATION:   STATIC OVERLAYABLE
   CODE SIZE        =     28    ----
   CONSTANT SIZE    =   ----    ----
   XDATA SIZE       =   ----    ----
   PDATA SIZE       =   ----    ----
   DATA SIZE        =   ----    ----
   IDATA SIZE       =   ----    ----
   BIT SIZE         =   ----    ----
END OF MODULE INFORMATION.


C51 COMPILATION COMPLETE.  0 WARNING(S),  0 ERROR(S)
