C51 COMPILER V9.56.0.0   MAIN                                                              05/12/2022 19:31:49 PAGE 1   


C51 COMPILER V9.56.0.0, COMPILATION OF MODULE MAIN
OBJECT MODULE PLACED IN .\Objects\main.obj
COMPILER INVOKED BY: D:\Keil_C51\C51\BIN\C51.EXE main.c OPTIMIZE(8,SPEED) BROWSE INCDIR(..\Driver;..\Sys) DEBUG OBJECTEX
                    -TEND PRINT(.\Listings\main.lst) OBJECT(.\Objects\main.obj)

line level    source

   1          #include "main.h"
   2          
   3          
   4          
   5          
   6          void main()
   7          {
   8   1              LED_GPIO_Config();                      //LED初始化
   9   1              KEY_GPIO_Config();                      //按键初始化
  10   1              GPIO_Pwm_Pin_Config();          //特殊IO口配置
  11   1              
  12   1              LED0 = 0;
  13   1              LED1 = 0;
  14   1              
  15   1              while(1)
  16   1              {
  17   2                      if(KEY1)                                //按下LED0两秒间隔闪烁
  18   2                      {
  19   3                              LED0 = 1;
  20   3                              LED1 = 0;
  21   3                              Delay1ms(2000);
  22   3                              LED0 = 0;
  23   3                              LED1 = 0;
  24   3                              Delay1ms(2000);
  25   3                      }
  26   2                      if(KEY2)                                //按下LED1两秒间隔闪烁
  27   2                      {
  28   3                              LED0 = 0;
  29   3                              LED1 = 1;
  30   3                              Delay1ms(2000);
  31   3                              LED0 = 0;
  32   3                              LED1 = 0;
  33   3                              Delay1ms(2000);
  34   3                      }
  35   2                      if(KEY3)                                //按下LED0、LED1两秒间隔闪烁
  36   2                      {
  37   3                              LED0 = 1;
  38   3                              LED1 = 1;
  39   3                              Delay1ms(2000);
  40   3                              LED0 = 0;
  41   3                              LED1 = 0;
  42   3                              Delay1ms(2000);
  43   3                      }
  44   2              }
  45   1      }


MODULE INFORMATION:   STATIC OVERLAYABLE
   CODE SIZE        =     90    ----
   CONSTANT SIZE    =   ----    ----
   XDATA SIZE       =   ----    ----
   PDATA SIZE       =   ----    ----
   DATA SIZE        =   ----    ----
   IDATA SIZE       =   ----    ----
C51 COMPILER V9.56.0.0   MAIN                                                              05/12/2022 19:31:49 PAGE 2   

   BIT SIZE         =   ----    ----
END OF MODULE INFORMATION.


C51 COMPILATION COMPLETE.  0 WARNING(S),  0 ERROR(S)
