C51 COMPILER V9.56.0.0   KEY                                                               05/15/2022 22:14:11 PAGE 1   


C51 COMPILER V9.56.0.0, COMPILATION OF MODULE KEY
OBJECT MODULE PLACED IN .\Objects\key.obj
COMPILER INVOKED BY: D:\Keil_C51\C51\BIN\C51.EXE ..\Driver\key.c OPTIMIZE(8,SPEED) BROWSE INCDIR(..\Driver;..\Sys) DEBUG
                    - OBJECTEXTEND PRINT(.\Listings\key.lst) OBJECT(.\Objects\key.obj)

line level    source

   1          #include "key.h"
   2          
   3          void Key_GPIO_Config(void)
   4          {
   5   1              GPIO_InitDef GPIO_InitStructure;
   6   1              GPIO_InitStructure.Mode = GPIO_HighZ;
   7   1              GPIO_InitStructure.Pin = GPIO_Pin_ALL;
   8   1              GPIO_Config(GPIO_P6,&GPIO_InitStructure);
   9   1      }
  10          unsigned char  Mkey_Read(void)
  11          {
  12   1              unsigned char val=16;
  13   1                      switch(P6)
  14   1                      {
  15   2                              case 0x11:  val = 0;
  16   2                              break;
  17   2                              case 0x21:  val = 1;
  18   2                              break;                  
  19   2                              case 0x41:  val = 2;
  20   2                              break;                  
  21   2                              case 0x81:  val = 3;
  22   2                              break;
  23   2                              
  24   2                              case 0x12:  val = 4;
  25   2                              break;                  
  26   2                              case 0x22:  val = 5;
  27   2                              break;                  
  28   2                              case 0x42:  val = 6;
  29   2                              break;                  
  30   2                              case 0x82:  val = 7;
  31   2                              break;                          
  32   2                              
  33   2                              case 0x14:  val = 8;
  34   2                              break;                  
  35   2                              case 0x24:  val = 9;
  36   2                              break;                  
  37   2                              case 0x44:  val = 10;
  38   2                              break;                  
  39   2                              case 0x84:  val = 11;
  40   2                              break;                  
  41   2                              
  42   2                              case 0x18:  val = 12;
  43   2                              break;                  
  44   2                              case 0x28:  val = 13;
  45   2                              break;                  
  46   2                              case 0x48:  val = 14;
  47   2                              break;                  
  48   2                              case 0x88:  val = 15;
  49   2                              break;  
  50   2                              default:val=16;
  51   2                                      break;
  52   2                      }
  53   1      
  54   1      return val;
C51 COMPILER V9.56.0.0   KEY                                                               05/15/2022 22:14:11 PAGE 2   

  55   1      
  56   1      }


MODULE INFORMATION:   STATIC OVERLAYABLE
   CODE SIZE        =    164    ----
   CONSTANT SIZE    =   ----    ----
   XDATA SIZE       =   ----    ----
   PDATA SIZE       =   ----    ----
   DATA SIZE        =   ----       3
   IDATA SIZE       =   ----    ----
   BIT SIZE         =   ----    ----
END OF MODULE INFORMATION.


C51 COMPILATION COMPLETE.  0 WARNING(S),  0 ERROR(S)
