C51 COMPILER V9.56.0.0   SEG                                                               05/15/2022 22:14:11 PAGE 1   


C51 COMPILER V9.56.0.0, COMPILATION OF MODULE SEG
OBJECT MODULE PLACED IN .\Objects\seg.obj
COMPILER INVOKED BY: D:\Keil_C51\C51\BIN\C51.EXE ..\Driver\seg.c OPTIMIZE(8,SPEED) BROWSE INCDIR(..\Driver;..\Sys) DEBUG
                    - OBJECTEXTEND PRINT(.\Listings\seg.lst) OBJECT(.\Objects\seg.obj)

line level    source

   1          #include "seg.h"
   2          
   3          void Seg_GPIO_Config(void)
   4          {
   5   1              GPIO_InitDef GPIO_InitStructure;
   6   1              GPIO_InitStructure.Mode = GPIO_OUT_PP;
   7   1              GPIO_InitStructure.Pin = GPIO_Pin_ALL;
   8   1              GPIO_Config(GPIO_P7,&GPIO_InitStructure);
   9   1      }


MODULE INFORMATION:   STATIC OVERLAYABLE
   CODE SIZE        =     17    ----
   CONSTANT SIZE    =   ----    ----
   XDATA SIZE       =   ----    ----
   PDATA SIZE       =   ----    ----
   DATA SIZE        =   ----       2
   IDATA SIZE       =   ----    ----
   BIT SIZE         =   ----    ----
END OF MODULE INFORMATION.


C51 COMPILATION COMPLETE.  0 WARNING(S),  0 ERROR(S)
