C51 COMPILER V9.56.0.0   MAIN                                                              05/13/2022 23:20:03 PAGE 1   


C51 COMPILER V9.56.0.0, COMPILATION OF MODULE MAIN
OBJECT MODULE PLACED IN .\Objects\main.obj
COMPILER INVOKED BY: D:\Keil_C51\C51\BIN\C51.EXE main.c LARGE OPTIMIZE(8,SPEED) BROWSE INCDIR(..\Driver;..\Sys) DEBUG OB
                    -JECTEXTEND PRINT(.\Listings\main.lst) OBJECT(.\Objects\main.obj)

line level    source

   1          #include "main.h"
   2          
   3          unsigned char one_mum[16]={0x3f,0x06,0x5b,0x4f,0x66,0x6d,0x7d,0x07,0x7f,0x6f,0x77,0x7c,0x39,0x5e,0x79,0x71
             -};
   4          
   5          void main()
   6          {
   7   1              unsigned char i;
   8   1              PWM_GPIO_Init();
   9   1              SEG_GPIO_Config();
  10   1              while(1)
  11   1              {
  12   2                      
  13   2                      for(i=0;i<16;i++)
  14   2                      {
  15   3                              P7 = one_mum[i];
  16   3                              Delay1ms(1000);
  17   3                      }
  18   2              }
  19   1      }
  20          


MODULE INFORMATION:   STATIC OVERLAYABLE
   CODE SIZE        =     49    ----
   CONSTANT SIZE    =   ----    ----
   XDATA SIZE       =     16       1
   PDATA SIZE       =   ----    ----
   DATA SIZE        =   ----    ----
   IDATA SIZE       =   ----    ----
   BIT SIZE         =   ----    ----
END OF MODULE INFORMATION.


C51 COMPILATION COMPLETE.  0 WARNING(S),  0 ERROR(S)
